[21:18:40] [main/WARN]: Ambiguity between arguments [teleport, destination] and [teleport, targets] with inputs: [Player, 0123, @e, dd12be42-52a9-4a91-a8a1-11c01849e498]
[21:18:40] [main/WARN]: Ambiguity between arguments [teleport, location] and [teleport, destination] with inputs: [0.1 -0.5 .9, 0 0 0]
[21:18:40] [main/WARN]: Ambiguity between arguments [teleport, location] and [teleport, targets] with inputs: [0.1 -0.5 .9, 0 0 0]
[21:18:40] [main/WARN]: Ambiguity between arguments [teleport, targets] and [teleport, destination] with inputs: [Player, 0123, dd12be42-52a9-4a91-a8a1-11c01849e498]
[21:18:40] [main/WARN]: Ambiguity between arguments [teleport, targets, location] and [teleport, targets, destination] with inputs: [0.1 -0.5 .9, 0 0 0]
[21:18:40] [main/INFO]: Reloading ResourceManager: Default
[21:18:40] [Worker-Main-14/INFO]: Loaded 7 recipes
[21:18:41] [Worker-Main-14/INFO]: Loaded 927 advancements
[21:18:42] [Server thread/INFO]: Starting minecraft server version 1.16.5
[21:18:42] [Server thread/INFO]: Loading properties
[21:18:42] [Server thread/INFO]: Default game type: SURVIVAL
[21:18:42] [Server thread/INFO]: Generating keypair
[21:18:43] [Server thread/INFO]: Starting Minecraft server on *:25565
[21:18:43] [Server thread/INFO]: Using default channel type
[21:18:43] [Server thread/WARN]: **** SERVER IS RUNNING IN OFFLINE/INSECURE MODE!
[21:18:43] [Server thread/WARN]: The server will make no attempt to authenticate usernames. Beware.
[21:18:43] [Server thread/WARN]: While this makes the game possible to play without internet access, it also opens up the ability for hackers to connect with any username they choose.
[21:18:43] [Server thread/WARN]: To change this, set "online-mode" to "true" in the server.properties file.
[21:18:44] [Server thread/INFO]: Preparing level "world"
[21:18:44] [Server thread/INFO]: Preparing start region for dimension minecraft:overworld
[21:18:47] [Server thread/INFO]: Preparing spawn area: 0%
[21:18:47] [Server thread/INFO]: Preparing spawn area: 0%
[21:18:47] [Server thread/INFO]: Preparing spawn area: 0%
[21:18:47] [Server thread/INFO]: Preparing spawn area: 0%
[21:18:47] [Server thread/INFO]: Preparing spawn area: 0%
[21:18:47] [Server thread/INFO]: Preparing spawn area: 0%
[21:18:47] [Server thread/INFO]: Preparing spawn area: 0%
[21:18:48] [Server thread/INFO]: Preparing spawn area: 0%
[21:18:50] [Server thread/INFO]: Time elapsed: 5806 ms
[21:18:50] [Server thread/INFO]: Done (6.002s)! For help, type "help"
[21:18:55] [Server thread/WARN]: Can't keep up! Is the server overloaded? Running 2063ms or 41 ticks behind
[21:18:57] [Server thread/INFO]: gabitu24[/5.12.230.149:58756] logged in with entity id 501 at (-415.6690422872657, 64.0, -662.849482928956)
[21:18:57] [Server thread/INFO]: gabitu24 joined the game
[21:19:13] [Server thread/WARN]: Can't keep up! Is the server overloaded? Running 3422ms or 68 ticks behind
[21:19:34] [Server thread/WARN]: Can't keep up! Is the server overloaded? Running 5989ms or 119 ticks behind
[21:19:36] [Server thread/INFO]: Cheddar256[/127.0.0.1:61911] logged in with entity id 990 at (-512.4690228783345, 64.0, -529.1877866132236)
[21:19:36] [Server thread/INFO]: Cheddar256 joined the game
[21:20:17] [Server thread/INFO]: gabitu24 lost connection: Disconnected
[21:20:17] [Server thread/INFO]: gabitu24 left the game
[21:20:30] [Server thread/INFO]: gabitu24[/5.12.230.149:58763] logged in with entity id 1258 at (-501.6597094648104, 63.0, -531.6275470229466)
[21:20:30] [Server thread/INFO]: gabitu24 joined the game
[21:20:33] [Server thread/INFO]: Cheddar256 lost connection: Disconnected
[21:20:33] [Server thread/INFO]: Cheddar256 left the game
[21:20:40] [Server thread/INFO]: Stopping the server
[21:20:40] [Server thread/INFO]: Stopping server
[21:20:40] [Server thread/INFO]: Saving players
[21:20:40] [Server thread/INFO]: Saving worlds
[21:20:40] [Server thread/INFO]: Saving chunks for level 'ServerLevel[world]'/minecraft:overworld
[21:20:49] [Server thread/INFO]: ThreadedAnvilChunkStorage (world): All chunks are saved
[21:20:49] [Server thread/INFO]: Saving chunks for level 'ServerLevel[world]'/minecraft:the_nether
[21:20:49] [Server thread/INFO]: ThreadedAnvilChunkStorage (DIM-1): All chunks are saved
[21:20:49] [Server thread/INFO]: Saving chunks for level 'ServerLevel[world]'/minecraft:the_end
[21:20:49] [Server thread/INFO]: ThreadedAnvilChunkStorage (DIM1): All chunks are saved
[21:20:49] [Server thread/INFO]: ThreadedAnvilChunkStorage (world): All chunks are saved
[21:20:49] [Server thread/INFO]: ThreadedAnvilChunkStorage (DIM-1): All chunks are saved
[21:20:49] [Server thread/INFO]: ThreadedAnvilChunkStorage (DIM1): All chunks are saved
